[0.020s] Invoking command in '/home/dev-m/dev_ws/build/my_package': CMAKE_PREFIX_PATH=/opt/ros/foxy /usr/bin/cmake /home/dev-m/dev_ws/src/my_package -DAMENT_CMAKE_SYMLINK_INSTALL=1 -DCMAKE_INSTALL_PREFIX=/home/dev-m/dev_ws/install/my_package
[0.671s] -- The C compiler identification is GNU 9.4.0
[1.119s] -- The CXX compiler identification is GNU 9.4.0
[1.146s] -- Check for working C compiler: /usr/bin/cc
[1.315s] -- Check for working C compiler: /usr/bin/cc -- works
[1.320s] -- Detecting C compiler ABI info
[1.447s] -- Detecting C compiler ABI info - done
[1.463s] -- Detecting C compile features
[1.465s] -- Detecting C compile features - done
[1.471s] -- Check for working CXX compiler: /usr/bin/c++
[1.619s] -- Check for working CXX compiler: /usr/bin/c++ -- works
[1.621s] -- Detecting CXX compiler ABI info
[1.789s] -- Detecting CXX compiler ABI info - done
[1.807s] -- Detecting CXX compile features
[1.808s] -- Detecting CXX compile features - done
[1.818s] -- Found ament_cmake: 0.9.12 (/opt/ros/foxy/share/ament_cmake/cmake)
[1.871s] -- Found PythonInterp: /usr/bin/python3 (found suitable version "3.8.10", minimum required is "3") 
[1.872s] -- Using PYTHON_EXECUTABLE: /usr/bin/python3
[2.191s] -- Override CMake install command with custom implementation using symlinks instead of copying resources
[2.335s] -- Found ament_lint_auto: 0.9.8 (/opt/ros/foxy/share/ament_lint_auto/cmake)
[2.523s] -- Added test 'copyright' to check source files copyright and LICENSE
[2.529s] -- Added test 'flake8' to check Python code syntax and style conventions
[2.531s] -- Added test 'lint_cmake' to check CMake code style
[2.533s] -- Added test 'pep257' to check Python code against some of the style conventions in PEP 257
[2.536s] -- Added test 'xmllint' to check XML markup files
[2.543s] -- Configuring done
[2.547s] -- Generating done
[2.549s] -- Build files have been written to: /home/dev-m/dev_ws/build/my_package
[2.559s] Invoked command in '/home/dev-m/dev_ws/build/my_package' returned '0': CMAKE_PREFIX_PATH=/opt/ros/foxy /usr/bin/cmake /home/dev-m/dev_ws/src/my_package -DAMENT_CMAKE_SYMLINK_INSTALL=1 -DCMAKE_INSTALL_PREFIX=/home/dev-m/dev_ws/install/my_package
[2.559s] Invoking command in '/home/dev-m/dev_ws/build/my_package': CMAKE_PREFIX_PATH=/opt/ros/foxy /usr/bin/cmake --build /home/dev-m/dev_ws/build/my_package -- -j2 -l2
[2.621s] Invoked command in '/home/dev-m/dev_ws/build/my_package' returned '0': CMAKE_PREFIX_PATH=/opt/ros/foxy /usr/bin/cmake --build /home/dev-m/dev_ws/build/my_package -- -j2 -l2
[2.680s] Invoking command in '/home/dev-m/dev_ws/build/my_package': CMAKE_PREFIX_PATH=/opt/ros/foxy /usr/bin/cmake --install /home/dev-m/dev_ws/build/my_package
[2.696s] -- Install configuration: ""
[2.697s] -- Execute custom install script
[2.698s] -- Symlinking: /home/dev-m/dev_ws/install/my_package/share/my_package/launch/listener.launch.py
[2.712s] -- Symlinking: /home/dev-m/dev_ws/install/my_package/share/my_package/launch/talker.launch.py
[2.727s] -- Symlinking: /home/dev-m/dev_ws/install/my_package/share/ament_index/resource_index/package_run_dependencies/my_package
[2.748s] -- Symlinking: /home/dev-m/dev_ws/install/my_package/share/ament_index/resource_index/parent_prefix_path/my_package
[2.762s] -- Symlinking: /home/dev-m/dev_ws/install/my_package/share/my_package/environment/ament_prefix_path.sh
[2.777s] -- Symlinking: /home/dev-m/dev_ws/install/my_package/share/my_package/environment/ament_prefix_path.dsv
[2.792s] -- Symlinking: /home/dev-m/dev_ws/install/my_package/share/my_package/environment/path.sh
[2.806s] -- Symlinking: /home/dev-m/dev_ws/install/my_package/share/my_package/environment/path.dsv
[2.822s] -- Symlinking: /home/dev-m/dev_ws/install/my_package/share/my_package/local_setup.bash
[2.837s] -- Symlinking: /home/dev-m/dev_ws/install/my_package/share/my_package/local_setup.sh
[2.855s] -- Symlinking: /home/dev-m/dev_ws/install/my_package/share/my_package/local_setup.zsh
[2.869s] -- Symlinking: /home/dev-m/dev_ws/install/my_package/share/my_package/local_setup.dsv
[2.884s] -- Symlinking: /home/dev-m/dev_ws/install/my_package/share/my_package/package.dsv
[2.898s] -- Symlinking: /home/dev-m/dev_ws/install/my_package/share/ament_index/resource_index/packages/my_package
[2.913s] -- Symlinking: /home/dev-m/dev_ws/install/my_package/share/my_package/cmake/my_packageConfig.cmake
[2.928s] -- Symlinking: /home/dev-m/dev_ws/install/my_package/share/my_package/cmake/my_packageConfig-version.cmake
[2.944s] -- Symlinking: /home/dev-m/dev_ws/install/my_package/share/my_package/package.xml
[2.962s] Invoked command in '/home/dev-m/dev_ws/build/my_package' returned '0': CMAKE_PREFIX_PATH=/opt/ros/foxy /usr/bin/cmake --install /home/dev-m/dev_ws/build/my_package
